{"/Users/barbaralivinalli/Projects/challenges/gameloft/src/context/FavoritesContext.js": {"path":"/Users/barbaralivinalli/Projects/challenges/gameloft/src/context/FavoritesContext.js","statementMap":{"0":{"start":{"line":3,"column":25},"end":{"line":3,"column":40}},"1":{"start":{"line":5,"column":26},"end":{"line":38,"column":1}},"2":{"start":{"line":6,"column":36},"end":{"line":6,"column":48}},"3":{"start":{"line":8,"column":22},"end":{"line":17,"column":3}},"4":{"start":{"line":10,"column":6},"end":{"line":12,"column":7}},"5":{"start":{"line":11,"column":8},"end":{"line":11,"column":44}},"6":{"start":{"line":14,"column":6},"end":{"line":14,"column":45}},"7":{"start":{"line":19,"column":25},"end":{"line":30,"column":3}},"8":{"start":{"line":21,"column":6},"end":{"line":23,"column":7}},"9":{"start":{"line":22,"column":8},"end":{"line":22,"column":38}},"10":{"start":{"line":25,"column":27},"end":{"line":25,"column":75}},"11":{"start":{"line":25,"column":56},"end":{"line":25,"column":74}},"12":{"start":{"line":27,"column":6},"end":{"line":27,"column":38}},"13":{"start":{"line":32,"column":2},"end":{"line":37,"column":4}}},"fnMap":{"0":{"name":"(anonymous_0)","decl":{"start":{"line":5,"column":26},"end":{"line":5,"column":27}},"loc":{"start":{"line":5,"column":44},"end":{"line":38,"column":1}},"line":5},"1":{"name":"(anonymous_1)","decl":{"start":{"line":9,"column":4},"end":{"line":9,"column":5}},"loc":{"start":{"line":9,"column":16},"end":{"line":15,"column":5}},"line":9},"2":{"name":"(anonymous_2)","decl":{"start":{"line":20,"column":4},"end":{"line":20,"column":5}},"loc":{"start":{"line":20,"column":10},"end":{"line":28,"column":5}},"line":20},"3":{"name":"(anonymous_3)","decl":{"start":{"line":25,"column":44},"end":{"line":25,"column":45}},"loc":{"start":{"line":25,"column":56},"end":{"line":25,"column":74}},"line":25}},"branchMap":{"0":{"loc":{"start":{"line":10,"column":6},"end":{"line":12,"column":7}},"type":"if","locations":[{"start":{"line":10,"column":6},"end":{"line":12,"column":7}},{"start":{},"end":{}}],"line":10},"1":{"loc":{"start":{"line":10,"column":10},"end":{"line":10,"column":53}},"type":"binary-expr","locations":[{"start":{"line":10,"column":10},"end":{"line":10,"column":19}},{"start":{"line":10,"column":23},"end":{"line":10,"column":35}},{"start":{"line":10,"column":39},"end":{"line":10,"column":53}}],"line":10},"2":{"loc":{"start":{"line":21,"column":6},"end":{"line":23,"column":7}},"type":"if","locations":[{"start":{"line":21,"column":6},"end":{"line":23,"column":7}},{"start":{},"end":{}}],"line":21}},"s":{"0":1,"1":1,"2":9,"3":9,"4":5,"5":3,"6":2,"7":9,"8":2,"9":1,"10":1,"11":1,"12":1,"13":9},"f":{"0":9,"1":5,"2":2,"3":1},"b":{"0":[3,2],"1":[5,5,3],"2":[1,1]},"_coverageSchema":"1a1c01bbd47fc00a2c39e90264f33305004495a9","hash":"5e20b5766873d6ccaf8e6596cd5a973d905a82de"}
,"/Users/barbaralivinalli/Projects/challenges/gameloft/src/hooks/useFavorites.js": {"path":"/Users/barbaralivinalli/Projects/challenges/gameloft/src/hooks/useFavorites.js","statementMap":{"0":{"start":{"line":4,"column":21},"end":{"line":8,"column":1}},"1":{"start":{"line":5,"column":18},"end":{"line":5,"column":46}},"2":{"start":{"line":7,"column":2},"end":{"line":7,"column":17}}},"fnMap":{"0":{"name":"(anonymous_0)","decl":{"start":{"line":4,"column":21},"end":{"line":4,"column":22}},"loc":{"start":{"line":4,"column":27},"end":{"line":8,"column":1}},"line":4}},"branchMap":{},"s":{"0":1,"1":9,"2":9},"f":{"0":9},"b":{},"_coverageSchema":"1a1c01bbd47fc00a2c39e90264f33305004495a9","hash":"4f72b87f5d053bfebb924a9aa01a2bce434c3ed3"}
,"/Users/barbaralivinalli/Projects/challenges/gameloft/src/pages/Favorites.js": {"path":"/Users/barbaralivinalli/Projects/challenges/gameloft/src/pages/Favorites.js","statementMap":{"0":{"start":{"line":5,"column":18},"end":{"line":52,"column":1}},"1":{"start":{"line":6,"column":24},"end":{"line":6,"column":38}},"2":{"start":{"line":8,"column":31},"end":{"line":16,"column":3}},"3":{"start":{"line":10,"column":6},"end":{"line":13,"column":9}},"4":{"start":{"line":18,"column":24},"end":{"line":42,"column":3}},"5":{"start":{"line":19,"column":4},"end":{"line":41,"column":23}},"6":{"start":{"line":31,"column":21},"end":{"line":31,"column":55}},"7":{"start":{"line":44,"column":2},"end":{"line":51,"column":4}},"8":{"start":{"line":49,"column":28},"end":{"line":49,"column":35}}},"fnMap":{"0":{"name":"(anonymous_0)","decl":{"start":{"line":5,"column":18},"end":{"line":5,"column":19}},"loc":{"start":{"line":5,"column":38},"end":{"line":52,"column":1}},"line":5},"1":{"name":"(anonymous_1)","decl":{"start":{"line":9,"column":4},"end":{"line":9,"column":5}},"loc":{"start":{"line":9,"column":22},"end":{"line":14,"column":5}},"line":9},"2":{"name":"(anonymous_2)","decl":{"start":{"line":18,"column":24},"end":{"line":18,"column":25}},"loc":{"start":{"line":19,"column":4},"end":{"line":41,"column":23}},"line":19},"3":{"name":"(anonymous_3)","decl":{"start":{"line":31,"column":15},"end":{"line":31,"column":16}},"loc":{"start":{"line":31,"column":21},"end":{"line":31,"column":55}},"line":31},"4":{"name":"(anonymous_4)","decl":{"start":{"line":49,"column":20},"end":{"line":49,"column":21}},"loc":{"start":{"line":49,"column":28},"end":{"line":49,"column":35}},"line":49}},"branchMap":{},"s":{"0":1,"1":2,"2":2,"3":1,"4":2,"5":2,"6":1,"7":2,"8":2},"f":{"0":2,"1":1,"2":2,"3":1,"4":2},"b":{},"_coverageSchema":"1a1c01bbd47fc00a2c39e90264f33305004495a9","hash":"3fa966d11f0181207a56ca7bc3b46bc0a784e3ae"}
}
