TN:
SF:src/context/FavoritesContext.js
FN:5,(anonymous_0)
FN:9,(anonymous_1)
FN:20,(anonymous_2)
FN:25,(anonymous_3)
FNF:4
FNH:4
FNDA:9,(anonymous_0)
FNDA:5,(anonymous_1)
FNDA:2,(anonymous_2)
FNDA:1,(anonymous_3)
DA:3,1
DA:5,1
DA:6,9
DA:8,9
DA:10,5
DA:11,3
DA:14,2
DA:19,9
DA:21,2
DA:22,1
DA:25,1
DA:27,1
DA:32,9
LF:13
LH:13
BRDA:10,0,0,3
BRDA:10,0,1,2
BRDA:10,1,0,5
BRDA:10,1,1,5
BRDA:10,1,2,3
BRDA:21,2,0,1
BRDA:21,2,1,1
BRF:7
BRH:7
end_of_record
TN:
SF:src/hooks/useFavorites.js
FN:4,(anonymous_0)
FNF:1
FNH:1
FNDA:9,(anonymous_0)
DA:4,1
DA:5,9
DA:7,9
LF:3
LH:3
BRF:0
BRH:0
end_of_record
TN:
SF:src/pages/Favorites.js
FN:5,(anonymous_0)
FN:9,(anonymous_1)
FN:18,(anonymous_2)
FN:31,(anonymous_3)
FN:49,(anonymous_4)
FNF:5
FNH:5
FNDA:2,(anonymous_0)
FNDA:1,(anonymous_1)
FNDA:2,(anonymous_2)
FNDA:1,(anonymous_3)
FNDA:2,(anonymous_4)
DA:5,1
DA:6,2
DA:8,2
DA:10,1
DA:18,2
DA:19,2
DA:31,1
DA:44,2
DA:49,2
LF:9
LH:9
BRF:0
BRH:0
end_of_record
